# JRE version: OpenJDK Runtime Environment (8.0_112-b06) (build 1.8.0_112-release-b06)
# Java VM: OpenJDK 64-Bit Server VM (25.112-b06 mixed mode windows-amd64 compressed oops)
Heap:
 PSYoungGen      total 258560K, used 183532K [0x00000000e0000000, 0x00000000f0a00000, 0x0000000100000000)
  eden space 245760K, 74% used [0x00000000e0000000,0x00000000eb33b170,0x00000000ef000000)
  from space 12800K, 0% used [0x00000000efd00000,0x00000000efd00000,0x00000000f0980000)
  to   space 13312K, 0% used [0x00000000ef000000,0x00000000ef000000,0x00000000efd00000)
 ParOldGen       total 59392K, used 15515K [0x00000000a0000000, 0x00000000a3a00000, 0x00000000e0000000)
  object space 59392K, 26% used [0x00000000a0000000,0x00000000a0f26ee8,0x00000000a3a00000)
 Metaspace       used 49897K, capacity 51036K, committed 51200K, reserved 1093632K
  class space    used 6485K, capacity 6775K, committed 6912K, reserved 1048576K
GC Heap History (10 events):
Event: 6.214 GC heap before
{Heap before GC invocations=6 (full 1):
 PSYoungGen      total 71680K, used 5100K [0x00000000e0000000, 0x00000000e9700000, 0x0000000100000000)
  eden space 66560K, 0% used [0x00000000e0000000,0x00000000e0000000,0x00000000e4100000)
  from space 5120K, 99% used [0x00000000e4100000,0x00000000e45fb0f0,0x00000000e4600000)
  to   space 10752K, 0% used [0x00000000e8c80000,0x00000000e8c80000,0x00000000e9700000)
 ParOldGen       total 87552K, used 8029K [0x00000000a0000000, 0x00000000a5580000, 0x00000000e0000000)
  object space 87552K, 9% used [0x00000000a0000000,0x00000000a07d7798,0x00000000a5580000)
 Metaspace       used 20668K, capacity 21100K, committed 21248K, reserved 1067008K
  class space    used 2811K, capacity 2983K, committed 3072K, reserved 1048576K
Event: 6.252 GC heap after
Heap after GC invocations=6 (full 1):
 PSYoungGen      total 71680K, used 0K [0x00000000e0000000, 0x00000000e9700000, 0x0000000100000000)
  eden space 66560K, 0% used [0x00000000e0000000,0x00000000e0000000,0x00000000e4100000)
  from space 5120K, 0% used [0x00000000e4100000,0x00000000e4100000,0x00000000e4600000)
  to   space 10752K, 0% used [0x00000000e8c80000,0x00000000e8c80000,0x00000000e9700000)
 ParOldGen       total 46592K, used 6076K [0x00000000a0000000, 0x00000000a2d80000, 0x00000000e0000000)
  object space 46592K, 13% used [0x00000000a0000000,0x00000000a05ef248,0x00000000a2d80000)
 Metaspace       used 20642K, capacity 21012K, committed 21248K, reserved 1067008K
  class space    used 2803K, capacity 2975K, committed 3072K, reserved 1048576K
}
Event: 8.395 GC heap before
{Heap before GC invocations=7 (full 1):
 PSYoungGen      total 71680K, used 66560K [0x00000000e0000000, 0x00000000e9700000, 0x0000000100000000)
  eden space 66560K, 100% used [0x00000000e0000000,0x00000000e4100000,0x00000000e4100000)
  from space 5120K, 0% used [0x00000000e4100000,0x00000000e4100000,0x00000000e4600000)
  to   space 10752K, 0% used [0x00000000e8c80000,0x00000000e8c80000,0x00000000e9700000)
 ParOldGen       total 46592K, used 6076K [0x00000000a0000000, 0x00000000a2d80000, 0x00000000e0000000)
  object space 46592K, 13% used [0x00000000a0000000,0x00000000a05ef248,0x00000000a2d80000)
 Metaspace       used 27150K, capacity 27596K, committed 27904K, reserved 1073152K
  class space    used 3638K, capacity 3796K, committed 3840K, reserved 1048576K
Event: 8.405 GC heap after
Heap after GC invocations=7 (full 1):
 PSYoungGen      total 136192K, used 7420K [0x00000000e0000000, 0x00000000e9400000, 0x0000000100000000)
  eden space 128512K, 0% used [0x00000000e0000000,0x00000000e0000000,0x00000000e7d80000)
  from space 7680K, 96% used [0x00000000e8c80000,0x00000000e93bf110,0x00000000e9400000)
  to   space 10752K, 0% used [0x00000000e7f00000,0x00000000e7f00000,0x00000000e8980000)
 ParOldGen       total 46592K, used 6084K [0x00000000a0000000, 0x00000000a2d80000, 0x00000000e0000000)
  object space 46592K, 13% used [0x00000000a0000000,0x00000000a05f1248,0x00000000a2d80000)
 Metaspace       used 27150K, capacity 27596K, committed 27904K, reserved 1073152K
  class space    used 3638K, capacity 3796K, committed 3840K, reserved 1048576K
}
Event: 11.611 GC heap before
{Heap before GC invocations=8 (full 1):
 PSYoungGen      total 136192K, used 135932K [0x00000000e0000000, 0x00000000e9400000, 0x0000000100000000)
  eden space 128512K, 100% used [0x00000000e0000000,0x00000000e7d80000,0x00000000e7d80000)
  from space 7680K, 96% used [0x00000000e8c80000,0x00000000e93bf110,0x00000000e9400000)
  to   space 10752K, 0% used [0x00000000e7f00000,0x00000000e7f00000,0x00000000e8980000)
 ParOldGen       total 46592K, used 6084K [0x00000000a0000000, 0x00000000a2d80000, 0x00000000e0000000)
  object space 46592K, 13% used [0x00000000a0000000,0x00000000a05f1248,0x00000000a2d80000)
 Metaspace       used 33207K, capacity 33796K, committed 33920K, reserved 1079296K
  class space    used 4452K, capacity 4616K, committed 4736K, reserved 1048576K
Event: 11.717 GC heap after
Heap after GC invocations=8 (full 1):
 PSYoungGen      total 140800K, used 10738K [0x00000000e0000000, 0x00000000f0980000, 0x0000000100000000)
  eden space 130048K, 0% used [0x00000000e0000000,0x00000000e0000000,0x00000000e7f00000)
  from space 10752K, 99% used [0x00000000e7f00000,0x00000000e897caf0,0x00000000e8980000)
  to   space 12800K, 0% used [0x00000000efd00000,0x00000000efd00000,0x00000000f0980000)
 ParOldGen       total 46592K, used 7120K [0x00000000a0000000, 0x00000000a2d80000, 0x00000000e0000000)
  object space 46592K, 15% used [0x00000000a0000000,0x00000000a06f4308,0x00000000a2d80000)
 Metaspace       used 33207K, capacity 33796K, committed 33920K, reserved 1079296K
  class space    used 4452K, capacity 4616K, committed 4736K, reserved 1048576K
}
Event: 21.771 GC heap before
{Heap before GC invocations=9 (full 1):
 PSYoungGen      total 140800K, used 117592K [0x00000000e0000000, 0x00000000f0980000, 0x0000000100000000)
  eden space 130048K, 82% used [0x00000000e0000000,0x00000000e68596b0,0x00000000e7f00000)
  from space 10752K, 99% used [0x00000000e7f00000,0x00000000e897caf0,0x00000000e8980000)
  to   space 12800K, 0% used [0x00000000efd00000,0x00000000efd00000,0x00000000f0980000)
 ParOldGen       total 46592K, used 7120K [0x00000000a0000000, 0x00000000a2d80000, 0x00000000e0000000)
  object space 46592K, 15% used [0x00000000a0000000,0x00000000a06f4308,0x00000000a2d80000)
 Metaspace       used 34594K, capacity 35350K, committed 35416K, reserved 1079296K
  class space    used 4604K, capacity 4815K, committed 4864K, reserved 1048576K
Event: 21.783 GC heap after
Heap after GC invocations=9 (full 1):
 PSYoungGen      total 258560K, used 9767K [0x00000000e0000000, 0x00000000f0a00000, 0x0000000100000000)
  eden space 245760K, 0% used [0x00000000e0000000,0x00000000e0000000,0x00000000ef000000)
  from space 12800K, 76% used [0x00000000efd00000,0x00000000f0689da8,0x00000000f0980000)
  to   space 13312K, 0% used [0x00000000ef000000,0x00000000ef000000,0x00000000efd00000)
 ParOldGen       total 46592K, used 7192K [0x00000000a0000000, 0x00000000a2d80000, 0x00000000e0000000)
  object space 46592K, 15% used [0x00000000a0000000,0x00000000a0706318,0x00000000a2d80000)
 Metaspace       used 34594K, capacity 35350K, committed 35416K, reserved 1079296K
  class space    used 4604K, capacity 4815K, committed 4864K, reserved 1048576K
}
Event: 21.783 GC heap before
{Heap before GC invocations=10 (full 2):
 PSYoungGen      total 258560K, used 9767K [0x00000000e0000000, 0x00000000f0a00000, 0x0000000100000000)
  eden space 245760K, 0% used [0x00000000e0000000,0x00000000e0000000,0x00000000ef000000)
  from space 12800K, 76% used [0x00000000efd00000,0x00000000f0689da8,0x00000000f0980000)
  to   space 13312K, 0% used [0x00000000ef000000,0x00000000ef000000,0x00000000efd00000)
 ParOldGen       total 46592K, used 7192K [0x00000000a0000000, 0x00000000a2d80000, 0x00000000e0000000)
  object space 46592K, 15% used [0x00000000a0000000,0x00000000a0706318,0x00000000a2d80000)
 Metaspace       used 34594K, capacity 35350K, committed 35416K, reserved 1079296K
  class space    used 4604K, capacity 4815K, committed 4864K, reserved 1048576K
Event: 21.866 GC heap after
Heap after GC invocations=10 (full 2):
 PSYoungGen      total 258560K, used 0K [0x00000000e0000000, 0x00000000f0a00000, 0x0000000100000000)
  eden space 245760K, 0% used [0x00000000e0000000,0x00000000e0000000,0x00000000ef000000)
  from space 12800K, 0% used [0x00000000efd00000,0x00000000efd00000,0x00000000f0980000)
  to   space 13312K, 0% used [0x00000000ef000000,0x00000000ef000000,0x00000000efd00000)
 ParOldGen       total 59392K, used 15515K [0x00000000a0000000, 0x00000000a3a00000, 0x00000000e0000000)
  object space 59392K, 26% used [0x00000000a0000000,0x00000000a0f26ee8,0x00000000a3a00000)
 Metaspace       used 34488K, capacity 35152K, committed 35416K, reserved 1079296K
  class space    used 4571K, capacity 4749K, committed 4864K, reserved 1048576K
}

